<?xml version="1.0" encoding="UTF-8"?>
<!-- Generated by org.testng.reporters.JUnitXMLReporter -->
<testsuite ignored="0" hostname="T10-ACA-0599" failures="0" tests="0" name="Surefire test" time="1.374" errors="0" timestamp="29 Jan 2020 13:46:41 GMT">
  <testcase classname="com.frameworkium.bdd.TestRunner" name="@AfterClass tearDownClass" time="0.013">
    <failure type="java.lang.NullPointerException">
      <![CDATA[java.lang.NullPointerException
at com.frameworkium.core.ui.UITestLifecycle.afterTestSuite(UITestLifecycle.java:112)
at com.frameworkium.bdd.TestRunner.tearDownClass(TestRunner.java:40)
at java.base/java.util.concurrent.ThreadPoolExecutor.runWorker(ThreadPoolExecutor.java:1128)
at java.base/java.util.concurrent.ThreadPoolExecutor$Worker.run(ThreadPoolExecutor.java:628)
at java.base/java.lang.Thread.run(Thread.java:834)
... Removed 11 stack frames]]>
    </failure>
  </testcase> <!-- @AfterClass tearDownClass -->
</testsuite> <!-- Surefire test -->
