<?xml version="1.0" encoding="UTF-8"?>
<testng-results ignored="0" total="2" passed="2" failed="0" skipped="0">
  <reporter-output>
  </reporter-output>
  <suite started-at="2020-01-30T11:37:51Z" name="Surefire suite" finished-at="2020-01-30T11:38:14Z" duration-ms="23392">
    <groups>
    </groups>
    <test started-at="2020-01-30T11:37:51Z" name="Surefire test" finished-at="2020-01-30T11:38:14Z" duration-ms="23392">
      <class name="com.frameworkium.bdd.TestRunner">
        <test-method is-config="true" signature="setUpSuite()[pri:0, instance:com.frameworkium.bdd.TestRunner@42383cb0]" started-at="2020-01-30T11:37:51Z" name="setUpSuite" test-instance-name="test" finished-at="2020-01-30T11:37:51Z" duration-ms="63" status="PASS">
          <reporter-output>
          </reporter-output>
        </test-method> <!-- setUpSuite -->
        <test-method is-config="true" signature="setUpClass()[pri:0, instance:com.frameworkium.bdd.TestRunner@42383cb0]" started-at="2020-01-30T11:37:51Z" name="setUpClass" test-instance-name="test" finished-at="2020-01-30T11:37:51Z" duration-ms="902" status="PASS">
          <reporter-output>
          </reporter-output>
        </test-method> <!-- setUpClass -->
        <test-method is-config="true" signature="setTestName(java.lang.reflect.Method, [Ljava.lang.Object;)[pri:0, instance:com.frameworkium.bdd.TestRunner@42383cb0]" started-at="2020-01-30T11:37:52Z" name="setTestName" test-instance-name="test" finished-at="2020-01-30T11:37:58Z" duration-ms="6705" status="PASS">
          <params>
            <param index="0">
              <value>
                <![CDATA[public void com.frameworkium.bdd.TestRunner.scenario(io.cucumber.testng.PickleEventWrapper,io.cucumber.testng.CucumberFeatureWrapper) throws java.lang.Throwable]]>
              </value>
            </param>
            <param index="1">
              <value>
                <![CDATA[[Ljava.lang.Object;@52227eb2]]>
              </value>
            </param>
          </params>
          <reporter-output>
          </reporter-output>
        </test-method> <!-- setTestName -->
        <test-method signature="scenario(io.cucumber.testng.PickleEventWrapper, io.cucumber.testng.CucumberFeatureWrapper)[pri:0, instance:com.frameworkium.bdd.TestRunner@42383cb0]" started-at="2020-01-30T11:37:59Z" name="scenario" data-provider="scenarios" test-instance-name="test" finished-at="2020-01-30T11:38:04Z" duration-ms="4981" status="PASS">
          <params>
            <param index="0">
              <value>
                <![CDATA["I am able to add an item to my basket"]]>
              </value>
            </param>
            <param index="1">
              <value>
                <![CDATA["Ability to add and remove items from the basket, and navigate to the buy page from the basket"]]>
              </value>
            </param>
          </params>
          <reporter-output>
          </reporter-output>
        </test-method> <!-- scenario -->
        <test-method is-config="true" signature="afterMethod(org.testng.ITestResult)[pri:0, instance:com.frameworkium.bdd.TestRunner@42383cb0]" started-at="2020-01-30T11:38:04Z" name="afterMethod" test-instance-name="test" finished-at="2020-01-30T11:38:04Z" duration-ms="640" status="PASS">
          <params>
            <param index="0">
              <value>
                <![CDATA[[TestResult name=test status=SUCCESS method=TestRunner.scenario(io.cucumber.testng.PickleEventWrapper, io.cucumber.testng.CucumberFeatureWrapper)[pri:0, instance:com.frameworkium.bdd.TestRunner@42383cb0] output={null}]]]>
              </value>
            </param>
          </params>
          <reporter-output>
          </reporter-output>
        </test-method> <!-- afterMethod -->
        <test-method is-config="true" signature="setTestName(java.lang.reflect.Method, [Ljava.lang.Object;)[pri:0, instance:com.frameworkium.bdd.TestRunner@42383cb0]" started-at="2020-01-30T11:38:04Z" name="setTestName" test-instance-name="test" finished-at="2020-01-30T11:38:09Z" duration-ms="5228" status="PASS">
          <params>
            <param index="0">
              <value>
                <![CDATA[public void com.frameworkium.bdd.TestRunner.scenario(io.cucumber.testng.PickleEventWrapper,io.cucumber.testng.CucumberFeatureWrapper) throws java.lang.Throwable]]>
              </value>
            </param>
            <param index="1">
              <value>
                <![CDATA[[Ljava.lang.Object;@5ad1904f]]>
              </value>
            </param>
          </params>
          <reporter-output>
          </reporter-output>
        </test-method> <!-- setTestName -->
        <test-method signature="scenario(io.cucumber.testng.PickleEventWrapper, io.cucumber.testng.CucumberFeatureWrapper)[pri:0, instance:com.frameworkium.bdd.TestRunner@42383cb0]" started-at="2020-01-30T11:38:09Z" name="scenario" data-provider="scenarios" test-instance-name="test" finished-at="2020-01-30T11:38:13Z" duration-ms="3681" status="PASS">
          <params>
            <param index="0">
              <value>
                <![CDATA["I am able to remove an item from my basket"]]>
              </value>
            </param>
            <param index="1">
              <value>
                <![CDATA["Ability to add and remove items from the basket, and navigate to the buy page from the basket"]]>
              </value>
            </param>
          </params>
          <reporter-output>
          </reporter-output>
        </test-method> <!-- scenario -->
        <test-method is-config="true" signature="afterMethod(org.testng.ITestResult)[pri:0, instance:com.frameworkium.bdd.TestRunner@42383cb0]" started-at="2020-01-30T11:38:13Z" name="afterMethod" test-instance-name="test" finished-at="2020-01-30T11:38:14Z" duration-ms="675" status="PASS">
          <params>
            <param index="0">
              <value>
                <![CDATA[[TestResult name=test status=SUCCESS method=TestRunner.scenario(io.cucumber.testng.PickleEventWrapper, io.cucumber.testng.CucumberFeatureWrapper)[pri:0, instance:com.frameworkium.bdd.TestRunner@42383cb0] output={null}]]]>
              </value>
            </param>
          </params>
          <reporter-output>
          </reporter-output>
        </test-method> <!-- afterMethod -->
        <test-method is-config="true" signature="tearDownClass()[pri:0, instance:com.frameworkium.bdd.TestRunner@42383cb0]" started-at="2020-01-30T11:38:14Z" name="tearDownClass" test-instance-name="test" finished-at="2020-01-30T11:38:14Z" duration-ms="111" status="PASS">
          <reporter-output>
          </reporter-output>
        </test-method> <!-- tearDownClass -->
      </class> <!-- com.frameworkium.bdd.TestRunner -->
    </test> <!-- Surefire test -->
  </suite> <!-- Surefire suite -->
</testng-results>
