<?xml version="1.0" encoding="UTF-8"?>
<testng-results ignored="0" total="1" passed="0" failed="1" skipped="0">
  <reporter-output>
  </reporter-output>
  <suite started-at="2020-01-30T08:55:43Z" name="Surefire suite" finished-at="2020-01-30T08:55:54Z" duration-ms="10551">
    <groups>
    </groups>
    <test started-at="2020-01-30T08:55:43Z" name="Surefire test" finished-at="2020-01-30T08:55:54Z" duration-ms="10551">
      <class name="com.frameworkium.bdd.TestRunner">
        <test-method is-config="true" signature="setUpSuite()[pri:0, instance:com.frameworkium.bdd.TestRunner@42505474]" started-at="2020-01-30T08:55:43Z" name="setUpSuite" test-instance-name="test" finished-at="2020-01-30T08:55:43Z" duration-ms="76" status="PASS">
          <reporter-output>
          </reporter-output>
        </test-method> <!-- setUpSuite -->
        <test-method is-config="true" signature="setUpClass()[pri:0, instance:com.frameworkium.bdd.TestRunner@42505474]" started-at="2020-01-30T08:55:43Z" name="setUpClass" test-instance-name="test" finished-at="2020-01-30T08:55:44Z" duration-ms="958" status="PASS">
          <reporter-output>
          </reporter-output>
        </test-method> <!-- setUpClass -->
        <test-method is-config="true" signature="setTestName(java.lang.reflect.Method, [Ljava.lang.Object;)[pri:0, instance:com.frameworkium.bdd.TestRunner@42505474]" started-at="2020-01-30T08:55:44Z" name="setTestName" test-instance-name="test" finished-at="2020-01-30T08:55:51Z" duration-ms="7266" status="PASS">
          <params>
            <param index="0">
              <value>
                <![CDATA[public void com.frameworkium.bdd.TestRunner.scenario(io.cucumber.testng.PickleEventWrapper,io.cucumber.testng.CucumberFeatureWrapper) throws java.lang.Throwable]]>
              </value>
            </param>
            <param index="1">
              <value>
                <![CDATA[[Ljava.lang.Object;@38d08cb5]]>
              </value>
            </param>
          </params>
          <reporter-output>
          </reporter-output>
        </test-method> <!-- setTestName -->
        <test-method signature="scenario(io.cucumber.testng.PickleEventWrapper, io.cucumber.testng.CucumberFeatureWrapper)[pri:0, instance:com.frameworkium.bdd.TestRunner@42505474]" started-at="2020-01-30T08:55:52Z" name="scenario" data-provider="scenarios" test-instance-name="test" finished-at="2020-01-30T08:55:52Z" duration-ms="865" status="FAIL">
          <params>
            <param index="0">
              <value>
                <![CDATA["I am able to add an item to my basket"]]>
              </value>
            </param>
            <param index="1">
              <value>
                <![CDATA["Ability to add and remove items from the basket, and navigate to the buy page from the basket"]]>
              </value>
            </param>
          </params>
          <exception class="java.lang.NullPointerException">
            <full-stacktrace>
              <![CDATA[java.lang.NullPointerException
at com.cttest.stepDefs.login.theUserIsLoggedIn(login.java:13)
at ✽.the customer user is logged in(file:src/test/resources/features/basket.feature:5)
]]>
            </full-stacktrace>
          </exception> <!-- java.lang.NullPointerException -->
          <reporter-output>
          </reporter-output>
        </test-method> <!-- scenario -->
        <test-method is-config="true" signature="afterMethod(org.testng.ITestResult)[pri:0, instance:com.frameworkium.bdd.TestRunner@42505474]" started-at="2020-01-30T08:55:53Z" name="afterMethod" test-instance-name="test" finished-at="2020-01-30T08:55:53Z" duration-ms="842" status="PASS">
          <params>
            <param index="0">
              <value>
                <![CDATA[[TestResult name=test status=FAILURE method=TestRunner.scenario(io.cucumber.testng.PickleEventWrapper, io.cucumber.testng.CucumberFeatureWrapper)[pri:0, instance:com.frameworkium.bdd.TestRunner@42505474] output={null}]]]>
              </value>
            </param>
          </params>
          <reporter-output>
          </reporter-output>
        </test-method> <!-- afterMethod -->
        <test-method is-config="true" signature="tearDownClass()[pri:0, instance:com.frameworkium.bdd.TestRunner@42505474]" started-at="2020-01-30T08:55:53Z" name="tearDownClass" test-instance-name="test" finished-at="2020-01-30T08:55:54Z" duration-ms="195" status="PASS">
          <reporter-output>
          </reporter-output>
        </test-method> <!-- tearDownClass -->
      </class> <!-- com.frameworkium.bdd.TestRunner -->
    </test> <!-- Surefire test -->
  </suite> <!-- Surefire suite -->
</testng-results>
